# JRE version: Java(TM) SE Runtime Environment (8.0_281-b09) (build 1.8.0_281-b09)
# Java VM: Java HotSpot(TM) 64-Bit Server VM (25.281-b09 mixed mode windows-amd64 compressed oops)
Heap:
 PSYoungGen      total 146944K, used 3934K [0x000000076b980000, 0x0000000775c00000, 0x00000007c0000000)
  eden space 134656K, 2% used [0x000000076b980000,0x000000076bd57ad0,0x0000000773d00000)
  from space 12288K, 0% used [0x0000000775000000,0x0000000775000000,0x0000000775c00000)
  to   space 15872K, 0% used [0x0000000773d00000,0x0000000773d00000,0x0000000774c80000)
 ParOldGen       total 177664K, used 18203K [0x00000006c2c00000, 0x00000006cd980000, 0x000000076b980000)
  object space 177664K, 10% used [0x00000006c2c00000,0x00000006c3dc6c50,0x00000006cd980000)
 Metaspace       used 38940K, capacity 41296K, committed 41344K, reserved 1085440K
  class space    used 5340K, capacity 5731K, committed 5760K, reserved 1048576K
GC Heap History (10 events):
Event: 1.530 GC heap before
{Heap before GC invocations=5 (full 1):
 PSYoungGen      total 75776K, used 72135K [0x000000076b980000, 0x0000000772c00000, 0x00000007c0000000)
  eden space 65024K, 100% used [0x000000076b980000,0x000000076f900000,0x000000076f900000)
  from space 10752K, 66% used [0x000000076f900000,0x000000076fff1e28,0x0000000770380000)
  to   space 10752K, 0% used [0x0000000772180000,0x0000000772180000,0x0000000772c00000)
 ParOldGen       total 107008K, used 9604K [0x00000006c2c00000, 0x00000006c9480000, 0x000000076b980000)
  object space 107008K, 8% used [0x00000006c2c00000,0x00000006c35612f8,0x00000006c9480000)
 Metaspace       used 28501K, capacity 30058K, committed 30336K, reserved 1075200K
  class space    used 3802K, capacity 4129K, committed 4224K, reserved 1048576K
Event: 1.535 GC heap after
Heap after GC invocations=5 (full 1):
 PSYoungGen      total 105472K, used 10748K [0x000000076b980000, 0x0000000772c00000, 0x00000007c0000000)
  eden space 94720K, 0% used [0x000000076b980000,0x000000076b980000,0x0000000771600000)
  from space 10752K, 99% used [0x0000000772180000,0x0000000772bff1a8,0x0000000772c00000)
  to   space 10752K, 0% used [0x0000000771700000,0x0000000771700000,0x0000000772180000)
 ParOldGen       total 107008K, used 9890K [0x00000006c2c00000, 0x00000006c9480000, 0x000000076b980000)
  object space 107008K, 9% used [0x00000006c2c00000,0x00000006c35a8918,0x00000006c9480000)
 Metaspace       used 28501K, capacity 30058K, committed 30336K, reserved 1075200K
  class space    used 3802K, capacity 4129K, committed 4224K, reserved 1048576K
}
Event: 1.979 GC heap before
{Heap before GC invocations=6 (full 1):
 PSYoungGen      total 105472K, used 81286K [0x000000076b980000, 0x0000000772c00000, 0x00000007c0000000)
  eden space 94720K, 74% used [0x000000076b980000,0x000000076fe62808,0x0000000771600000)
  from space 10752K, 99% used [0x0000000772180000,0x0000000772bff1a8,0x0000000772c00000)
  to   space 10752K, 0% used [0x0000000771700000,0x0000000771700000,0x0000000772180000)
 ParOldGen       total 107008K, used 9890K [0x00000006c2c00000, 0x00000006c9480000, 0x000000076b980000)
  object space 107008K, 9% used [0x00000006c2c00000,0x00000006c35a8918,0x00000006c9480000)
 Metaspace       used 33438K, capacity 35306K, committed 35496K, reserved 1079296K
  class space    used 4509K, capacity 4835K, committed 4864K, reserved 1048576K
Event: 1.986 GC heap after
Heap after GC invocations=6 (full 1):
 PSYoungGen      total 106496K, used 10731K [0x000000076b980000, 0x0000000775f80000, 0x00000007c0000000)
  eden space 95744K, 0% used [0x000000076b980000,0x000000076b980000,0x0000000771700000)
  from space 10752K, 99% used [0x0000000771700000,0x000000077217af00,0x0000000772180000)
  to   space 15872K, 0% used [0x0000000775000000,0x0000000775000000,0x0000000775f80000)
 ParOldGen       total 107008K, used 14067K [0x00000006c2c00000, 0x00000006c9480000, 0x000000076b980000)
  object space 107008K, 13% used [0x00000006c2c00000,0x00000006c39bcf30,0x00000006c9480000)
 Metaspace       used 33438K, capacity 35306K, committed 35496K, reserved 1079296K
  class space    used 4509K, capacity 4835K, committed 4864K, reserved 1048576K
}
Event: 1.986 GC heap before
{Heap before GC invocations=7 (full 2):
 PSYoungGen      total 106496K, used 10731K [0x000000076b980000, 0x0000000775f80000, 0x00000007c0000000)
  eden space 95744K, 0% used [0x000000076b980000,0x000000076b980000,0x0000000771700000)
  from space 10752K, 99% used [0x0000000771700000,0x000000077217af00,0x0000000772180000)
  to   space 15872K, 0% used [0x0000000775000000,0x0000000775000000,0x0000000775f80000)
 ParOldGen       total 107008K, used 14067K [0x00000006c2c00000, 0x00000006c9480000, 0x000000076b980000)
  object space 107008K, 13% used [0x00000006c2c00000,0x00000006c39bcf30,0x00000006c9480000)
 Metaspace       used 33438K, capacity 35306K, committed 35496K, reserved 1079296K
  class space    used 4509K, capacity 4835K, committed 4864K, reserved 1048576K
Event: 2.014 GC heap after
Heap after GC invocations=7 (full 2):
 PSYoungGen      total 106496K, used 0K [0x000000076b980000, 0x0000000775f80000, 0x00000007c0000000)
  eden space 95744K, 0% used [0x000000076b980000,0x000000076b980000,0x0000000771700000)
  from space 10752K, 0% used [0x0000000771700000,0x0000000771700000,0x0000000772180000)
  to   space 15872K, 0% used [0x0000000775000000,0x0000000775000000,0x0000000775f80000)
 ParOldGen       total 177664K, used 18884K [0x00000006c2c00000, 0x00000006cd980000, 0x000000076b980000)
  object space 177664K, 10% used [0x00000006c2c00000,0x00000006c3e71288,0x00000006cd980000)
 Metaspace       used 33430K, capacity 35294K, committed 35496K, reserved 1079296K
  class space    used 4508K, capacity 4833K, committed 4864K, reserved 1048576K
}
Event: 96.437 GC heap before
{Heap before GC invocations=8 (full 2):
 PSYoungGen      total 106496K, used 95154K [0x000000076b980000, 0x0000000775f80000, 0x00000007c0000000)
  eden space 95744K, 99% used [0x000000076b980000,0x000000077166cbc8,0x0000000771700000)
  from space 10752K, 0% used [0x0000000771700000,0x0000000771700000,0x0000000772180000)
  to   space 15872K, 0% used [0x0000000775000000,0x0000000775000000,0x0000000775f80000)
 ParOldGen       total 177664K, used 18884K [0x00000006c2c00000, 0x00000006cd980000, 0x000000076b980000)
  object space 177664K, 10% used [0x00000006c2c00000,0x00000006c3e71288,0x00000006cd980000)
 Metaspace       used 38936K, capacity 41290K, committed 41344K, reserved 1085440K
  class space    used 5338K, capacity 5729K, committed 5760K, reserved 1048576K
Event: 96.441 GC heap after
Heap after GC invocations=8 (full 2):
 PSYoungGen      total 146944K, used 6493K [0x000000076b980000, 0x0000000775c00000, 0x00000007c0000000)
  eden space 134656K, 0% used [0x000000076b980000,0x000000076b980000,0x0000000773d00000)
  from space 12288K, 52% used [0x0000000775000000,0x00000007756576b8,0x0000000775c00000)
  to   space 15872K, 0% used [0x0000000773d00000,0x0000000773d00000,0x0000000774c80000)
 ParOldGen       total 177664K, used 18892K [0x00000006c2c00000, 0x00000006cd980000, 0x000000076b980000)
  object space 177664K, 10% used [0x00000006c2c00000,0x00000006c3e73288,0x00000006cd980000)
 Metaspace       used 38936K, capacity 41290K, committed 41344K, reserved 1085440K
  class space    used 5338K, capacity 5729K, committed 5760K, reserved 1048576K
}
Event: 96.441 GC heap before
{Heap before GC invocations=9 (full 3):
 PSYoungGen      total 146944K, used 6493K [0x000000076b980000, 0x0000000775c00000, 0x00000007c0000000)
  eden space 134656K, 0% used [0x000000076b980000,0x000000076b980000,0x0000000773d00000)
  from space 12288K, 52% used [0x0000000775000000,0x00000007756576b8,0x0000000775c00000)
  to   space 15872K, 0% used [0x0000000773d00000,0x0000000773d00000,0x0000000774c80000)
 ParOldGen       total 177664K, used 18892K [0x00000006c2c00000, 0x00000006cd980000, 0x000000076b980000)
  object space 177664K, 10% used [0x00000006c2c00000,0x00000006c3e73288,0x00000006cd980000)
 Metaspace       used 38936K, capacity 41290K, committed 41344K, reserved 1085440K
  class space    used 5338K, capacity 5729K, committed 5760K, reserved 1048576K
Event: 96.504 GC heap after
Heap after GC invocations=9 (full 3):
 PSYoungGen      total 146944K, used 0K [0x000000076b980000, 0x0000000775c00000, 0x00000007c0000000)
  eden space 134656K, 0% used [0x000000076b980000,0x000000076b980000,0x0000000773d00000)
  from space 12288K, 0% used [0x0000000775000000,0x0000000775000000,0x0000000775c00000)
  to   space 15872K, 0% used [0x0000000773d00000,0x0000000773d00000,0x0000000774c80000)
 ParOldGen       total 177664K, used 18203K [0x00000006c2c00000, 0x00000006cd980000, 0x000000076b980000)
  object space 177664K, 10% used [0x00000006c2c00000,0x00000006c3dc6c50,0x00000006cd980000)
 Metaspace       used 38936K, capacity 41290K, committed 41344K, reserved 1085440K
  class space    used 5338K, capacity 5729K, committed 5760K, reserved 1048576K
}

